SECS Emulator v1.5  2001/09/05
HSMS Communication Started!
14:55:12.162: Send S1F1(170364532).
00 00 81 01 00 00 0A 27 8E 74 
S1F1 W
.
14:55:12.185: Receive S1F2(170364532).
00 00 01 02 00 00 0A 27 8E 74   01 00 
S1F2
<L[0]
>
.
14:55:17.642: Send S1F3(170364533).
00 00 81 03 00 00 0A 27 8E 75   01 00 
S1F3 W
<L[0]
>
.
14:55:18.205: Receive S1F4(170364533).
00 00 01 04 00 00 0A 27 8E 75   01 00 
S1F4
<L[0]
>
.
14:55:37.267: Send S1F13(170364534).
00 00 81 0D 00 00 0A 27 8E 76   01 00 
S1F13 W
<L[0]
>
.
14:55:40.831: Receive S1F14(5001).
00 00 01 0E 00 00 00 00 13 89   01 02 21 01 00 01 00 
S1F14
<L[2]
  <B[1] 0x00>
  <L[0]
  >
>
.
14:55:49.609: Send S1F69(170364535).
00 00 81 45 00 00 0A 27 8E 77   21 01 00 
S1F69 W
<B[1] 0x00>
.
14:55:54.913: Send S2F13(170364536).
00 00 82 0D 00 00 0A 27 8E 78   01 00 
S2F13 W
<L[0]
>
.
14:55:56.947: Send S1F79(170364537).
00 00 01 4F 00 00 0A 27 8E 79   21 01 00 
S1F79
<B[1] 0x00>
.
14:55:58.522: Send S2F15(170364538).
00 00 82 0F 00 00 0A 27 8E 7A   01 03 01 02 B1 04 00 00 03 EA   
A9 02 00 32 01 02 B1 04 00 00   03 EB 91 04 40 5D 2F 1B 01 02   
B1 04 00 00 03 F3 41 28 5F 31   32 33 34 35 36 37 38 39 5F 31   
32 33 34 35 36 37 38 39 5F 31   32 33 34 35 36 37 38 39 5F 31   
32 33 34 35 36 37 38 39 
S2F15 W
<L[3]
  <L[2]
    <U4[1] 1002>
    <U2[1] 50>
  >
  <L[2]
    <U4[1] 1003>
    <F4[1] 3.456>
  >
  <L[2]
    <U4[1] 1011>
    <A[40] "_123456789_123456789_123456789_123456789">
  >
>
.
14:56:00.457: Send S2F23(170364539).
00 00 82 17 00 00 0A 27 8E 7B   01 05 B1 04 07 5B CD 15 41 06   
S2F23 W
<L[5]
  <U4[1] 123456789>
  <A[6] "000003">
  <U4[1] 0>
  <U4[1] 3>
  <L[0]
  >
>
.
14:56:14.816: T6 Timeout.
Remote Client Disconnected!
14:56:22.283: T3 Timeout(170364534).
14:56:22.358: Send S9F9(170364541).
00 00 09 09 00 00 0A 27 8E 7D   21 0A 00 00 81 0D 00 00 0A 27   
8E 76 
S9F9
<B[10] 0x00 0x00 0x81 0x0D 0x00 0x00 0x0A 0x27 0x8E 0x76>
.
14:56:34.617: T3 Timeout(170364535).
14:56:34.619: Send S9F9(170364542).
00 00 09 09 00 00 0A 27 8E 7E   21 0A 00 00 81 45 00 00 0A 27   
8E 77 
S9F9
<B[10] 0x00 0x00 0x81 0x45 0x00 0x00 0x0A 0x27 0x8E 0x77>
.
14:56:39.921: T3 Timeout(170364536).
14:56:39.924: Send S9F9(170364543).
00 00 09 09 00 00 0A 27 8E 7F   21 0A 00 00 82 0D 00 00 0A 27   
8E 78 
S9F9
<B[10] 0x00 0x00 0x82 0x0D 0x00 0x00 0x0A 0x27 0x8E 0x78>
.
14:56:43.556: T3 Timeout(170364538).
14:56:43.559: Send S9F9(170364544).
00 00 09 09 00 00 0A 27 8E 80   21 0A 00 00 82 0F 00 00 0A 27   
8E 7A 
S9F9
<B[10] 0x00 0x00 0x82 0x0F 0x00 0x00 0x0A 0x27 0x8E 0x7A>
.
14:56:45.474: T3 Timeout(170364539).
14:56:45.477: Send S9F9(170364545).
00 00 09 09 00 00 0A 27 8E 81   21 0A 00 00 82 17 00 00 0A 27   
8E 7B 
S9F9
<B[10] 0x00 0x00 0x82 0x17 0x00 0x00 0x0A 0x27 0x8E 0x7B>
.
14:57:05.890: Send S1F1(170364546).
00 00 81 01 00 00 0A 27 8E 82 
S1F1 W
.
14:57:07.102: Receive S1F2(170364546).
00 00 01 02 00 00 0A 27 8E 82   01 00 
S1F2
<L[0]
>
.
14:57:34.121: Send S1F3(170364548).
00 00 81 03 00 00 0A 27 8E 84   01 02 B2 04 B0 00 00 00 01 00   
00 00 02 00 00 00 03 00 00 00   04 00 00 00 05 00 00 00 06 00   
00 00 07 00 00 00 08 00 00 00   09 00 00 00 0A 00 00 00 0B 00   
00 00 0C 00 00 00 0D 00 00 00   0E 00 00 00 0F 00 00 00 10 00   
00 00 11 00 00 00 12 00 00 00   13 00 00 00 14 00 00 00 15 00   
00 00 16 00 00 00 17 00 00 00   18 00 00 00 19 00 00 00 1A 00   
00 00 1B 00 00 00 1C 00 00 00   1D 00 00 00 1E 00 00 00 1F 00   
00 00 20 00 00 00 21 00 00 00   22 00 00 00 23 00 00 00 24 00   
00 00 25 00 00 00 26 00 00 00   27 00 00 00 28 00 00 00 29 00   
00 00 2A 00 00 00 2B 00 00 00   2C 00 00 00 2D 00 00 00 2E 00   
00 00 2F 00 00 00 30 00 00 00   31 00 00 00 32 00 00 00 33 00   
00 00 34 00 00 00 35 00 00 00   36 00 00 00 37 00 00 00 38 00   
00 00 39 00 00 00 3A 00 00 00   3B 00 00 00 3C 00 00 00 3D 00   
00 00 3E 00 00 00 3F 00 00 00   40 00 00 00 41 00 00 00 42 00   
00 00 43 00 00 00 44 00 00 00   45 00 00 00 46 00 00 00 47 00   
00 00 48 00 00 00 49 00 00 00   4A 00 00 00 4B 00 00 00 4C 00   
00 00 4D 00 00 00 4E 00 00 00   4F 00 00 00 50 00 00 00 51 00   
00 00 52 00 00 00 53 00 00 00   54 00 00 00 55 00 00 00 56 00   
00 00 57 00 00 00 58 00 00 00   59 00 00 00 5A 00 00 00 5B 00   
00 00 5C 00 00 00 5D 00 00 00   5E 00 00 00 5F 00 00 00 60 00   
00 00 61 00 00 00 62 00 00 00   63 00 00 00 64 00 00 00 65 00   
00 00 66 00 00 00 67 00 00 00   68 00 00 00 69 00 00 00 6A 00   
00 00 6B 00 00 00 6C 00 00 00   6D 00 00 00 6E 00 00 00 6F 00   
00 00 70 00 00 00 71 00 00 00   72 00 00 00 73 00 00 00 74 00   
00 00 75 00 00 00 76 00 00 00   77 00 00 00 78 00 00 00 79 00   
00 00 7A 00 00 00 7B 00 00 00   7C 00 00 00 7D 00 00 00 7E 00   
00 00 7F 00 00 00 80 00 00 00   81 00 00 00 82 00 00 00 83 00   
00 00 84 00 00 00 85 00 00 00   86 00 00 00 87 00 00 00 88 00   
00 00 89 00 00 00 8A 00 00 00   8B 00 00 00 8C 00 00 00 8D 00   
00 00 8E 00 00 00 8F 00 00 00   90 00 00 00 91 00 00 00 92 00   
00 00 93 00 00 00 94 00 00 00   95 00 00 00 96 00 00 00 97 00   
00 00 98 00 00 00 99 00 00 00   9A 00 00 00 9B 00 00 00 9C 00   
00 00 9D 00 00 00 9E 00 00 00   9F 00 00 00 A0 00 00 00 A1 00   
00 00 A2 00 00 00 A3 00 00 00   A4 00 00 00 A5 00 00 00 A6 00   
00 00 A7 00 00 00 A8 00 00 00   A9 00 00 00 AA 00 00 00 AB 00   
00 00 AC 00 00 00 AD 00 00 00   AE 00 00 00 AF 00 00 00 B0 00   
00 00 B1 00 00 00 B2 00 00 00   B3 00 00 00 B4 00 00 00 B5 00   
00 00 B6 00 00 00 B7 00 00 00   B8 00 00 00 B9 00 00 00 BA 00   
00 00 BB 00 00 00 BC 00 00 00   BD 00 00 00 BE 00 00 00 BF 00   
00 00 C0 00 00 00 C1 00 00 00   C2 00 00 00 C3 00 00 00 C4 00   
00 00 C5 00 00 00 C6 00 00 00   C7 00 00 00 C8 00 00 00 C9 00   
00 00 CA 00 00 00 CB 00 00 00   CC 00 00 00 CD 00 00 00 CE 00   
00 00 CF 00 00 00 D0 00 00 00   D1 00 00 00 D2 00 00 00 D3 00   
00 00 D4 00 00 00 D5 00 00 00   D6 00 00 00 D7 00 00 00 D8 00   
00 00 D9 00 00 00 DA 00 00 00   DB 00 00 00 DC 00 00 00 DD 00   
00 00 DE 00 00 00 DF 00 00 00   E0 00 00 00 E1 00 00 00 E2 00   
00 00 E3 00 00 00 E4 00 00 00   E5 00 00 00 E6 00 00 00 E7 00   
00 00 E8 00 00 00 E9 00 00 00   EA 00 00 00 EB 00 00 00 EC 00   
00 00 ED 00 00 00 EE 00 00 00   EF 00 00 00 F0 00 00 00 F1 00   
00 00 F2 00 00 00 F3 00 00 00   F4 00 00 00 F5 00 00 00 F6 00   
00 00 F7 00 00 00 F8 00 00 00   F9 00 00 00 FA 00 00 00 FB 00   
00 00 FC 00 00 00 FD 00 00 00   FE 00 00 00 FF 00 00 01 00 00   
00 01 01 00 00 01 02 00 00 01   03 00 00 01 04 00 00 01 05 00   
00 01 06 00 00 01 07 00 00 01   08 00 00 01 09 00 00 01 0A 00   
00 01 0B 00 00 01 0C 00 00 01   0D 00 00 01 0E 00 00 01 0F 00   
00 01 10 00 00 01 11 00 00 01   12 00 00 01 13 00 00 01 14 00   
00 01 15 00 00 01 16 00 00 01   17 00 00 01 18 00 00 01 19 00   
00 01 1A 00 00 01 1B 00 00 01   1C 00 00 01 1D 00 00 01 1E 00   
00 01 1F 00 00 01 20 00 00 01   21 00 00 01 22 00 00 01 23 00   
00 01 24 00 00 01 25 00 00 01   26 00 00 01 27 00 00 01 28 00   
00 01 29 00 00 01 2A 00 00 01   2B 00 00 01 2C B2 04 B0 00 00   
00 01 00 00 00 02 00 00 00 03   00 00 00 04 00 00 00 05 00 00   
00 06 00 00 00 07 00 00 00 08   00 00 00 09 00 00 00 0A 00 00   
00 0B 00 00 00 0C 00 00 00 0D   00 00 00 0E 00 00 00 0F 00 00   
00 10 00 00 00 11 00 00 00 12   00 00 00 13 00 00 00 14 00 00   
00 15 00 00 00 16 00 00 00 17   00 00 00 18 00 00 00 19 00 00   
00 1A 00 00 00 1B 00 00 00 1C   00 00 00 1D 00 00 00 1E 00 00   
00 1F 00 00 00 20 00 00 00 21   00 00 00 22 00 00 00 23 00 00   
00 24 00 00 00 25 00 00 00 26   00 00 00 27 00 00 00 28 00 00   
00 29 00 00 00 2A 00 00 00 2B   00 00 00 2C 00 00 00 2D 00 00   
00 2E 00 00 00 2F 00 00 00 30   00 00 00 31 00 00 00 32 00 00   
00 33 00 00 00 34 00 00 00 35   00 00 00 36 00 00 00 37 00 00   
00 38 00 00 00 39 00 00 00 3A   00 00 00 3B 00 00 00 3C 00 00   
00 3D 00 00 00 3E 00 00 00 3F   00 00 00 40 00 00 00 41 00 00   
00 42 00 00 00 43 00 00 00 44   00 00 00 45 00 00 00 46 00 00   
00 47 00 00 00 48 00 00 00 49   00 00 00 4A 00 00 00 4B 00 00   
00 4C 00 00 00 4D 00 00 00 4E   00 00 00 4F 00 00 00 50 00 00   
00 51 00 00 00 52 00 00 00 53   00 00 00 54 00 00 00 55 00 00   
00 56 00 00 00 57 00 00 00 58   00 00 00 59 00 00 00 5A 00 00   
00 5B 00 00 00 5C 00 00 00 5D   00 00 00 5E 00 00 00 5F 00 00   
00 60 00 00 00 61 00 00 00 62   00 00 00 63 00 00 00 64 00 00   
00 65 00 00 00 66 00 00 00 67   00 00 00 68 00 00 00 69 00 00   
00 6A 00 00 00 6B 00 00 00 6C   00 00 00 6D 00 00 00 6E 00 00   
00 6F 00 00 00 70 00 00 00 71   00 00 00 72 00 00 00 73 00 00   
00 74 00 00 00 75 00 00 00 76   00 00 00 77 00 00 00 78 00 00   
00 79 00 00 00 7A 00 00 00 7B   00 00 00 7C 00 00 00 7D 00 00   
00 7E 00 00 00 7F 00 00 00 80   00 00 00 81 00 00 00 82 00 00   
00 83 00 00 00 84 00 00 00 85   00 00 00 86 00 00 00 87 00 00   
00 88 00 00 00 89 00 00 00 8A   00 00 00 8B 00 00 00 8C 00 00   
00 8D 00 00 00 8E 00 00 00 8F   00 00 00 90 00 00 00 91 00 00   
00 92 00 00 00 93 00 00 00 94   00 00 00 95 00 00 00 96 00 00   
00 97 00 00 00 98 00 00 00 99   00 00 00 9A 00 00 00 9B 00 00   
00 9C 00 00 00 9D 00 00 00 9E   00 00 00 9F 00 00 00 A0 00 00   
00 A1 00 00 00 A2 00 00 00 A3   00 00 00 A4 00 00 00 A5 00 00   
00 A6 00 00 00 A7 00 00 00 A8   00 00 00 A9 00 00 00 AA 00 00   
00 AB 00 00 00 AC 00 00 00 AD   00 00 00 AE 00 00 00 AF 00 00   
00 B0 00 00 00 B1 00 00 00 B2   00 00 00 B3 00 00 00 B4 00 00   
00 B5 00 00 00 B6 00 00 00 B7   00 00 00 B8 00 00 00 B9 00 00   
00 BA 00 00 00 BB 00 00 00 BC   00 00 00 BD 00 00 00 BE 00 00   
00 BF 00 00 00 C0 00 00 00 C1   00 00 00 C2 00 00 00 C3 00 00   
00 C4 00 00 00 C5 00 00 00 C6   00 00 00 C7 00 00 00 C8 00 00   
00 C9 00 00 00 CA 00 00 00 CB   00 00 00 CC 00 00 00 CD 00 00   
00 CE 00 00 00 CF 00 00 00 D0   00 00 00 D1 00 00 00 D2 00 00   
00 D3 00 00 00 D4 00 00 00 D5   00 00 00 D6 00 00 00 D7 00 00   
00 D8 00 00 00 D9 00 00 00 DA   00 00 00 DB 00 00 00 DC 00 00   
00 DD 00 00 00 DE 00 00 00 DF   00 00 00 E0 00 00 00 E1 00 00   
00 E2 00 00 00 E3 00 00 00 E4   00 00 00 E5 00 00 00 E6 00 00   
00 E7 00 00 00 E8 00 00 00 E9   00 00 00 EA 00 00 00 EB 00 00   
00 EC 00 00 00 ED 00 00 00 EE   00 00 00 EF 00 00 00 F0 00 00   
00 F1 00 00 00 F2 00 00 00 F3   00 00 00 F4 00 00 00 F5 00 00   
00 F6 00 00 00 F7 00 00 00 F8   00 00 00 F9 00 00 00 FA 00 00   
00 FB 00 00 00 FC 00 00 00 FD   00 00 00 FE 00 00 00 FF 00 00   
01 00 00 00 01 01 00 00 01 02   00 00 01 03 00 00 01 04 00 00   
01 05 00 00 01 06 00 00 01 07   00 00 01 08 00 00 01 09 00 00   
01 0A 00 00 01 0B 00 00 01 0C   00 00 01 0D 00 00 01 0E 00 00   
01 0F 00 00 01 10 00 00 01 11   00 00 01 12 00 00 01 13 00 00   
01 14 00 00 01 15 00 00 01 16   00 00 01 17 00 00 01 18 00 00   
01 19 00 00 01 1A 00 00 01 1B   00 00 01 1C 00 00 01 1D 00 00   
01 1E 00 00 01 1F 00 00 01 20   00 00 01 21 00 00 01 22 00 00   
01 23 00 00 01 24 00 00 01 25   00 00 01 26 00 00 01 27 00 00   
01 28 00 00 01 29 00 00 01 2A   00 00 01 2B 00 00 01 2C 
S1F3 W
<L[2]
  <U4[300] 1 2 3 4 5 6 7 8 9 10 11 12 13 14 15 16 17 18 19 20 21 22 23 24 25 26 27 28 29 30 31 32 33 34 35 36 37 38 39 40 41 42 43 44 45 46 47 48 49 50 51 52 53 54 55 56 57 58 59 60 61 62 63 64 65 66 67 68 69 70 71 72 73 74 75 76 77 78 79 80 81 82 83 84 85 86 87 88 89 90 91 92 93 94 95 96 97 98 99 100 101 102 103 104 105 106 107 108 109 110 111 112 113 114 115 116 117 118 119 120 121 122 123 124 125 126 127 128 129 130 131 132 133 134 135 136 137 138 139 140 141 142 143 144 145 146 147 148 149 150 151 152 153 154 155 156 157 158 159 160 161 162 163 164 165 166 167 168 169 170 171 172 173 174 175 176 177 178 179 180 181 182 183 184 185 186 187 188 189 190 191 192 193 194 195 196 197 198 199 200 201 202 203 204 205 206 207 208 209 210 211 212 213 214 215 216 217 218 219 220 221 222 223 224 225 226 227 228 229 230 231 232 233 234 235 236 237 238 239 240 241 242 243 244 245 246 247 248 249 250 251 252 253 254 255 256 257 258 259 260 261 262 263 264 265 266 267 268 269 270 271 272 273 274 275 276 277 278 279 280 281 282 283 284 285 286 287 288 289 290 291 292 293 294 295 296 297 298 299 300>
  <U4[300] 1 2 3 4 5 6 7 8 9 10 11 12 13 14 15 16 17 18 19 20 21 22 23 24 25 26 27 28 29 30 31 32 33 34 35 36 37 38 39 40 41 42 43 44 45 46 47 48 49 50 51 52 53 54 55 56 57 58 59 60 61 62 63 64 65 66 67 68 69 70 71 72 73 74 75 76 77 78 79 80 81 82 83 84 85 86 87 88 89 90 91 92 93 94 95 96 97 98 99 100 101 102 103 104 105 106 107 108 109 110 111 112 113 114 115 116 117 118 119 120 121 122 123 124 125 126 127 128 129 130 131 132 133 134 135 136 137 138 139 140 141 142 143 144 145 146 147 148 149 150 151 152 153 154 155 156 157 158 159 160 161 162 163 164 165 166 167 168 169 170 171 172 173 174 175 176 177 178 179 180 181 182 183 184 185 186 187 188 189 190 191 192 193 194 195 196 197 198 199 200 201 202 203 204 205 206 207 208 209 210 211 212 213 214 215 216 217 218 219 220 221 222 223 224 225 226 227 228 229 230 231 232 233 234 235 236 237 238 239 240 241 242 243 244 245 246 247 248 249 250 251 252 253 254 255 256 257 258 259 260 261 262 263 264 265 266 267 268 269 270 271 272 273 274 275 276 277 278 279 280 281 282 283 284 285 286 287 288 289 290 291 292 293 294 295 296 297 298 299 300>
>
.
14:57:34.727: Receive S1F4(170364548).
00 00 01 04 00 00 0A 27 8E 84   01 00 
S1F4
<L[0]
>
.
14:57:53.050: Send S1F13(170364549).
00 00 81 0D 00 00 0A 27 8E 85   01 00 
S1F13 W
<L[0]
>
.
14:57:53.237: Receive S1F14(5001).
00 00 01 0E 00 00 00 00 13 89   01 02 21 01 00 01 00 
S1F14
<L[2]
  <B[1] 0x00>
  <L[0]
  >
>
.
14:58:00.315: Send S1F11(170364550).
00 00 81 0B 00 00 0A 27 8E 86   01 00 
S1F11 W
<L[0]
>
.
14:58:01.055: Receive S1F12(170364550).
00 00 01 0C 00 00 0A 27 8E 86   01 00 
S1F12
<L[0]
>
.
14:58:38.058: T3 Timeout(170364549).
14:58:38.060: Send S9F9(170364552).
00 00 09 09 00 00 0A 27 8E 88   21 0A 00 00 81 0D 00 00 0A 27   
8E 85 
S9F9
<B[10] 0x00 0x00 0x81 0x0D 0x00 0x00 0x0A 0x27 0x8E 0x85>
.
15:07:10.241: Send S1F3(170364562).
00 00 81 03 00 00 0A 27 8E 92   01 09 B1 04 00 01 86 A1 B1 04   
00 00 07 D2 B1 04 00 00 07 D3   B1 04 00 00 00 03 B1 04 00 00   
07 D1 B1 04 00 00 07 D4 B1 04   00 00 00 27 B1 04 00 00 00 28   
B1 04 00 00 00 29 
S1F3 W
<L[9]
  <U4[1] 100001>
  <U4[1] 2002>
  <U4[1] 2003>
  <U4[1] 3>
  <U4[1] 2001>
  <U4[1] 2004>
  <U4[1] 39>
  <U4[1] 40>
  <U4[1] 41>
>
.
15:07:10.308: Receive S1F4(170364562).
00 00 01 04 00 00 0A 27 8E 92   01 00 
S1F4
<L[0]
>
.
HSMS Communication Disconnected!
