SECS Emulator v1.5  2001/09/05
HSMS Communication Started!
SECS Emulator v1.5  2001/09/05
HSMS Communication Started!
SECS Emulator v1.5  2001/09/05
HSMS Communication Started!
15:02:14.305: Send S1F3(597135265).
00 00 81 03 00 00 23 97 8F A1   01 09 B1 04 00 01 86 A1 B1 04   
00 00 07 D2 B1 04 00 00 07 D3   B1 04 00 00 00 03 B1 04 00 00   
07 D1 B1 04 00 00 07 D4 B1 04   00 00 00 27 B1 04 00 00 00 28   
B1 04 00 00 00 29 
S1F3 W
<L[9]
  <U4[1] 100001>
  <U4[1] 2002>
  <U4[1] 2003>
  <U4[1] 3>
  <U4[1] 2001>
  <U4[1] 2004>
  <U4[1] 39>
  <U4[1] 40>
  <U4[1] 41>
>
.
15:02:59.320: T3 Timeout(597135265).
15:02:59.322: Send S9F9(597135267).
00 00 09 09 00 00 23 97 8F A3   21 0A 00 00 81 03 00 00 23 97   
8F A1 
S9F9
<B[10] 0x00 0x00 0x81 0x03 0x00 0x00 0x23 0x97 0x8F 0xA1>
.
SECS Emulator v1.5  2001/09/05
HSMS Communication Started!
15:34:46.105: Send S1F1(598913659).
00 00 81 01 00 00 23 B2 B2 7B 
S1F1 W
.
15:35:11.513: Send S1F1(598913659).
00 00 81 01 00 00 23 B2 B2 7B 
S1F1 W
.
15:35:33.207: Send S1F3(598913659).
00 00 81 03 00 00 23 B2 B2 7B   B1 0C 00 01 86 A1 00 00 07 D2   
00 00 07 D3 
S1F3 W
<U4[3] 100001 2002 2003>
.
15:37:17.999: Send S1F3(598913660).
00 00 81 03 00 00 23 B2 B2 7C   01 00 
S1F3 W
<L[0]
>
.
15:37:26.640: Send S1F3(598913660).
00 00 81 03 00 00 23 B2 B2 7C   01 01 B1 04 00 00 0F A0 
S1F3 W
<L[1]
  <U4[1] 4000>
>
.
15:37:37.304: Send S1F3(598913660).
00 00 81 03 00 00 23 B2 B2 7C   01 08 B1 04 00 00 10 13 B1 04   
00 00 10 14 B1 04 00 00 10 15   B1 04 00 00 10 16 B1 04 00 00   
S1F3 W
<L[8]
  <U4[1] 4115>
  <U4[1] 4116>
  <U4[1] 4117>
  <U4[1] 4118>
  <U4[1] 4119>
  <U4[1] 4120>
  <U4[1] 4121>
  <U4[1] 4122>
>
.
15:37:41.249: Send S1F3(598913660).
00 00 81 03 00 00 23 B2 B2 7C   01 01 B1 04 00 00 0F A0 
S1F3 W
<L[1]
  <U4[1] 4000>
>
.
15:37:44.383: Send S1F3(598913660).
00 00 81 03 00 00 23 B2 B2 7C   01 09 B1 04 00 01 86 A1 B1 04   
00 00 07 D2 B1 04 00 00 07 D3   B1 04 00 00 00 03 B1 04 00 00   
07 D1 B1 04 00 00 07 D4 B1 04   00 00 00 27 B1 04 00 00 00 28   
B1 04 00 00 00 29 
S1F3 W
<L[9]
  <U4[1] 100001>
  <U4[1] 2002>
  <U4[1] 2003>
  <U4[1] 3>
  <U4[1] 2001>
  <U4[1] 2004>
  <U4[1] 39>
  <U4[1] 40>
  <U4[1] 41>
>
.
15:37:47.489: Send S1F1(598913660).
00 00 81 01 00 00 23 B2 B2 7C 
S1F1 W
.
15:37:52.977: Send S1F3(598913660).
00 00 81 03 00 00 23 B2 B2 7C   01 02 B1 04 00 00 27 0F B1 04   
00 00 07 D2 
S1F3 W
<L[2]
  <U4[1] 9999>
  <U4[1] 2002>
>
.
15:37:55.379: Send S1F11(598913660).
00 00 81 0B 00 00 23 B2 B2 7C   01 00 
S1F11 W
<L[0]
>
.
15:38:00.920: Send S1F15(598913660).
00 00 81 0F 00 00 23 B2 B2 7C 
S1F15 W
.
15:38:06.915: Send S1F79(598913660).
00 00 01 4F 00 00 23 B2 B2 7C   21 01 00 
S1F79
<B[1] 0x00>
.
15:38:10.856: Send S2F13(598913661).
00 00 82 0D 00 00 23 B2 B2 7D   01 00 
S2F13 W
<L[0]
>
.
15:38:18.528: Send S1F79(598913661).
00 00 01 4F 00 00 23 B2 B2 7D   21 01 00 
S1F79
<B[1] 0x00>
.
15:38:21.231: Send S1F3(598913662).
00 00 81 03 00 00 23 B2 B2 7E   01 08 B1 04 00 00 10 13 B1 04   
00 00 10 14 B1 04 00 00 10 15   B1 04 00 00 10 16 B1 04 00 00   
S1F3 W
<L[8]
  <U4[1] 4115>
  <U4[1] 4116>
  <U4[1] 4117>
  <U4[1] 4118>
  <U4[1] 4119>
  <U4[1] 4120>
  <U4[1] 4121>
  <U4[1] 4122>
>
.
15:38:24.850: Send S1F3(598913662).
00 00 81 03 00 00 23 B2 B2 7E   01 01 B1 04 00 00 0F A0 
S1F3 W
<L[1]
  <U4[1] 4000>
>
.
15:38:31.576: Send S2F13(598913662).
00 00 82 0D 00 00 23 B2 B2 7E   01 03 B1 04 00 00 03 E9 B1 04   
00 00 03 EA B1 04 00 00 03 EB 
S2F13 W
<L[3]
  <U4[1] 1001>
  <U4[1] 1002>
  <U4[1] 1003>
>
.
15:38:34.337: Send S2F15(598913662).
00 00 82 0F 00 00 23 B2 B2 7E   01 03 01 02 B1 04 00 00 03 EA   
A9 02 00 32 01 02 B1 04 00 00   03 EB 91 04 40 5D 2F 1B 01 02   
B1 04 00 00 03 F3 41 28 5F 31   32 33 34 35 36 37 38 39 5F 31   
32 33 34 35 36 37 38 39 5F 31   32 33 34 35 36 37 38 39 5F 31   
32 33 34 35 36 37 38 39 
S2F15 W
<L[3]
  <L[2]
    <U4[1] 1002>
    <U2[1] 50>
  >
  <L[2]
    <U4[1] 1003>
    <F4[1] 3.456>
  >
  <L[2]
    <U4[1] 1011>
    <A[40] "_123456789_123456789_123456789_123456789">
  >
>
.
15:41:29.103: Send S1F3(598913662).
00 00 81 03 00 00 23 B2 B2 7E   01 09 B1 04 00 01 86 A1 B1 04   
00 00 07 D2 B1 04 00 00 07 D3   B1 04 00 00 00 03 B1 04 00 00   
07 D1 B1 04 00 00 07 D4 B1 04   00 00 00 27 B1 04 00 00 00 28   
B1 04 00 00 00 29 
S1F3 W
<L[9]
  <U4[1] 100001>
  <U4[1] 2002>
  <U4[1] 2003>
  <U4[1] 3>
  <U4[1] 2001>
  <U4[1] 2004>
  <U4[1] 39>
  <U4[1] 40>
  <U4[1] 41>
>
.
HSMS Communication Disconnected!
