SECS Emulator v1.5  2001/09/05
HSMS Communication Started!
HSMS Communication Disconnected!
SECS Emulator v1.5  2001/09/05
HSMS Communication Started!
16:13:54.489: Send S1F1(601433579).
00 00 81 01 00 00 23 D9 25 EB 
S1F1 W
.
16:14:00.157: Receive S1F2(601433579).
00 00 01 02 00 00 23 D9 25 EB   01 00 
S1F2
<L[0]
>
.
16:14:16.119: Send S1F1(601433580).
00 00 81 01 00 00 23 D9 25 EC 
S1F1 W
.
16:14:33.087: Receive S1F2(601433580).
00 00 01 02 00 00 23 D9 25 EC   01 00 
S1F2
<L[0]
>
.
16:14:33.087: Receive S1F2(601433580).
HSMS Communication Disconnected!
SECS Emulator v1.5  2001/09/05
HSMS Communication Started!
16:15:21.463: Send S1F1(601532532).
00 00 81 01 00 00 23 DA A8 74 
S1F1 W
.
16:15:22.644: Receive S1F2(601532532).
00 00 01 02 00 00 23 DA A8 74   01 00 
S1F2
<L[0]
>
.
16:15:40.153: Send S1F1(601532533).
00 00 81 01 00 00 23 DA A8 75 
S1F1 W
.
16:15:40.949: Receive S1F2(601532533).
00 00 01 02 00 00 23 DA A8 75   01 00 
S1F2
<L[0]
>
.
16:16:16.643: Receive Linktest.rsp.
HSMS Communication Disconnected!
SECS Emulator v1.5  2001/09/05
HSMS Communication Started!
16:20:34.911: Send S1F3(601747314).
00 00 81 03 00 00 23 DD EF 72   01 01 B1 04 00 00 0F A0 
S1F3 W
<L[1]
  <U4[1] 4000>
>
.
16:20:43.649: Receive S1F4(601747314).
00 00 01 04 00 00 23 DD EF 72   01 00 
S1F4
<L[0]
>
.
16:21:01.336: Send S1F3(601747316).
00 00 81 03 00 00 23 DD EF 74   01 02 B1 04 00 00 27 0F B1 04   
00 00 07 D2 
S1F3 W
<L[2]
  <U4[1] 9999>
  <U4[1] 2002>
>
.
16:21:03.584: Receive S1F4(601747316).
00 00 01 04 00 00 23 DD EF 74   01 00 
S1F4
<L[0]
>
.
16:21:31.896: Send S1F11(601747317).
00 00 81 0B 00 00 23 DD EF 75   01 02 B1 04 00 00 07 D2 B1 04   
00 00 07 D3 
S1F11 W
<L[2]
  <U4[1] 2002>
  <U4[1] 2003>
>
.
16:21:33.592: Receive S1F12(601747317).
00 00 01 0C 00 00 23 DD EF 75   01 00 
S1F12
<L[0]
>
.
16:21:45.216: Send S1F3(601747318).
00 00 81 03 00 00 23 DD EF 76   01 02 B1 04 00 00 27 0F B1 04   
00 00 07 D2 
S1F3 W
<L[2]
  <U4[1] 9999>
  <U4[1] 2002>
>
.
16:21:46.562: Receive S1F4(601747318).
00 00 01 04 00 00 23 DD EF 76   01 00 
S1F4
<L[0]
>
.
16:23:49.303: Send S1F3(601747322).
00 00 81 03 00 00 23 DD EF 7A   01 02 B1 04 00 00 27 0F B1 04   
00 00 07 D2 
S1F3 W
<L[2]
  <U4[1] 9999>
  <U4[1] 2002>
>
.
16:23:49.339: Receive S1F4(601747322).
00 00 01 04 00 00 23 DD EF 7A   01 00 
S1F4
<L[0]
>
.
Remote Server Disconnected!
HSMS Communication Disconnected!
HSMS Communication Disconnected!
SECS Emulator v1.5  2001/09/05
HSMS Communication Started!
HSMS Communication Disconnected!
SECS Emulator v1.5  2001/09/05
HSMS Communication Started!
16:32:39.591: Send S1F3(602572594).
00 00 81 03 00 00 23 EA 87 32   01 00 
S1F3 W
<L[0]
>
.
16:32:39.626: Receive S1F4(602572594).
00 00 01 04 00 00 23 EA 87 32   01 00 
S1F4
<L[0]
>
.
16:32:41.255: Send S1F3(602572595).
00 00 81 03 00 00 23 EA 87 33   01 01 B1 04 00 00 0F A0 
S1F3 W
<L[1]
  <U4[1] 4000>
>
.
16:32:41.288: Receive S1F4(602572595).
00 00 01 04 00 00 23 EA 87 33   01 00 
S1F4
<L[0]
>
.
16:32:43.944: Send S1F3(602572596).
00 00 81 03 00 00 23 EA 87 34   B1 0C 00 01 86 A1 00 00 07 D2   
00 00 07 D3 
S1F3 W
<U4[3] 100001 2002 2003>
.
16:32:43.971: Receive S1F4(602572596).
00 00 01 04 00 00 23 EA 87 34   01 00 
S1F4
<L[0]
>
.
16:32:47.342: Send S1F11(602572597).
00 00 81 0B 00 00 23 EA 87 35   01 00 
S1F11 W
<L[0]
>
.
16:32:47.371: Receive S1F12(602572597).
00 00 01 0C 00 00 23 EA 87 35   01 00 
S1F12
<L[0]
>
.
16:32:49.240: Send S1F13(602572598).
00 00 81 0D 00 00 23 EA 87 36   01 00 
S1F13 W
<L[0]
>
.
16:32:49.269: Receive S1F14(602572598).
00 00 01 0E 00 00 23 EA 87 36   01 00 
S1F14
<L[0]
>
.
16:33:02.278: Send S1F17(602572599).
00 00 81 11 00 00 23 EA 87 37 
S1F17 W
.
16:33:02.294: Receive S1F18(602572599).
00 00 01 12 00 00 23 EA 87 37   01 00 
S1F18
<L[0]
>
.
Remote Server Disconnected!
HSMS Communication Disconnected!
Remote Server Disconnected!
HSMS Communication Disconnected!
HSMS Communication Disconnected!
SECS Emulator v1.5  2001/09/05
HSMS Communication Started!

HSMS Communication Disconnected!
SECS Emulator v1.5  2001/09/05
HSMS Communication Started!
17:20:27.775: Send S1F3(605439204).
00 00 81 03 00 00 24 16 44 E4   01 00 
S1F3 W
<L[0]
>
.
17:20:55.713: Receive S1F4(605439204).
00 00 01 04 00 00 24 16 44 E4   01 00 
S1F4
<L[0]
>
.
17:21:05.990: Send S1F1(605439205).
00 00 81 01 00 00 24 16 44 E5 
S1F1 W
.
17:21:06.012: Receive S1F2(605439205).
00 00 01 02 00 00 24 16 44 E5   01 00 
S1F2
<L[0]
>
.
17:21:13.895: Send S1F3(605439206).
00 00 81 03 00 00 24 16 44 E6   01 09 B1 04 00 01 86 A1 B1 04   
00 00 07 D2 B1 04 00 00 07 D3   B1 04 00 00 00 03 B1 04 00 00   
07 D1 B1 04 00 00 07 D4 B1 04   00 00 00 27 B1 04 00 00 00 28   
B1 04 00 00 00 29 
S1F3 W
<L[9]
  <U4[1] 100001>
  <U4[1] 2002>
  <U4[1] 2003>
  <U4[1] 3>
  <U4[1] 2001>
  <U4[1] 2004>
  <U4[1] 39>
  <U4[1] 40>
  <U4[1] 41>
>
.
17:21:13.965: Receive S1F4(605439206).
00 00 01 04 00 00 24 16 44 E6   01 00 
S1F4
<L[0]
>
.
17:21:19.175: Send S1F3(605439207).
00 00 81 03 00 00 24 16 44 E7   B1 04 00 00 0F A0 
S1F3 W
<U4[1] 4000>
.
17:21:19.200: Receive S1F4(605439207).
00 00 01 04 00 00 24 16 44 E7   01 00 
S1F4
<L[0]
>
.
17:21:29.780: Send S1F3(605439209).
00 00 81 03 00 00 24 16 44 E9   01 02 B1 04 00 00 27 0F B1 04   
00 00 07 D2 
S1F3 W
<L[2]
  <U4[1] 9999>
  <U4[1] 2002>
>
.
17:21:29.824: Receive S1F4(605439209).
00 00 01 04 00 00 24 16 44 E9   01 00 
S1F4
<L[0]
>
.
17:21:36.224: Send S1F3(605439210).
00 00 81 03 00 00 24 16 44 EA   01 01 B1 04 00 00 0F A0 
S1F3 W
<L[1]
  <U4[1] 4000>
>
.
17:21:36.261: Receive S1F4(605439210).
00 00 01 04 00 00 24 16 44 EA   01 00 
S1F4
<L[0]
>
.
17:21:41.653: Send S2F23(605439211).
00 00 82 17 00 00 24 16 44 EB   01 05 B1 04 07 5B CD 15 41 06   
30 30 30 30 30 33 B1 04 00 00   00 1B B1 04 00 00 00 03 01 C9   
B1 04 00 00 07 D1 B1 04 00 00   07 D1 B1 04 00 00 07 D1 B1 04   
00 00 07 D1 B1 04 00 00 07 D1   B1 04 00 00 07 D1 B1 04 00 00   
07 D1 B1 04 00 00 07 D1 B1 04   00 00 07 D1 B1 04 00 00 07 D2   
B1 04 00 00 07 D1 B1 04 00 00   07 D1 B1 04 00 00 07 D1 B1 04   
00 00 07 D1 B1 04 00 00 07 D1   B1 04 00 00 07 D1 B1 04 00 00   
07 D1 B1 04 00 00 07 D1 B1 04   00 00 07 D1 B1 04 00 00 07 D2   
B1 04 00 00 07 D1 B1 04 00 00   07 D1 B1 04 00 00 07 D1 B1 04   
00 00 07 D1 B1 04 00 00 07 D1   B1 04 00 00 07 D1 B1 04 00 00   
07 D1 B1 04 00 00 07 D1 B1 04   00 00 07 D1 B1 04 00 00 07 D2   
B1 04 00 00 07 D1 B1 04 00 00   07 D1 B1 04 00 00 07 D1 B1 04   
00 00 07 D1 B1 04 00 00 07 D1   B1 04 00 00 07 D1 B1 04 00 00   
07 D1 B1 04 00 00 07 D1 B1 04   00 00 07 D1 B1 04 00 00 07 D2   
B1 04 00 00 07 D1 B1 04 00 00   07 D1 B1 04 00 00 07 D1 B1 04   
00 00 07 D1 B1 04 00 00 07 D1   B1 04 00 00 07 D1 B1 04 00 00   
07 D1 B1 04 00 00 07 D1 B1 04   00 00 07 D1 B1 04 00 00 07 D2   
B1 04 00 00 07 D1 B1 04 00 00   07 D1 B1 04 00 00 07 D1 B1 04   
00 00 07 D1 B1 04 00 00 07 D1   B1 04 00 00 07 D1 B1 04 00 00   
07 D1 B1 04 00 00 07 D1 B1 04   00 00 07 D1 B1 04 00 00 07 D2   
B1 04 00 00 07 D1 B1 04 00 00   07 D1 B1 04 00 00 07 D1 B1 04   
00 00 07 D1 B1 04 00 00 07 D1   B1 04 00 00 07 D1 B1 04 00 00   
07 D1 B1 04 00 00 07 D1 B1 04   00 00 07 D1 B1 04 00 00 07 D2   
B1 04 00 00 07 D1 B1 04 00 00   07 D1 B1 04 00 00 07 D1 B1 04   
00 00 07 D1 B1 04 00 00 07 D1   B1 04 00 00 07 D1 B1 04 00 00   
07 D1 B1 04 00 00 07 D1 B1 04   00 00 07 D1 B1 04 00 00 07 D2   
B1 04 00 00 07 D1 B1 04 00 00   07 D1 B1 04 00 00 07 D1 B1 04   
00 00 07 D1 B1 04 00 00 07 D1   B1 04 00 00 07 D1 B1 04 00 00   
07 D1 B1 04 00 00 07 D1 B1 04   00 00 07 D1 B1 04 00 00 07 D2   
B1 04 00 00 07 D1 B1 04 00 00   07 D1 B1 04 00 00 07 D1 B1 04   
00 00 07 D1 B1 04 00 00 07 D1   B1 04 00 00 07 D1 B1 04 00 00   
07 D1 B1 04 00 00 07 D1 B1 04   00 00 07 D1 B1 04 00 00 07 D2   
B1 04 00 00 07 D1 B1 04 00 00   07 D1 B1 04 00 00 07 D1 B1 04   
00 00 07 D1 B1 04 00 00 07 D1   B1 04 00 00 07 D1 B1 04 00 00   
07 D1 B1 04 00 00 07 D1 B1 04   00 00 07 D1 B1 04 00 00 07 D2   
B1 04 00 00 07 D1 B1 04 00 00   07 D1 B1 04 00 00 07 D1 B1 04   
00 00 07 D1 B1 04 00 00 07 D1   B1 04 00 00 07 D1 B1 04 00 00   
07 D1 B1 04 00 00 07 D1 B1 04   00 00 07 D1 B1 04 00 00 07 D2   
B1 04 00 00 07 D1 B1 04 00 00   07 D1 B1 04 00 00 07 D1 B1 04   
00 00 07 D1 B1 04 00 00 07 D1   B1 04 00 00 07 D1 B1 04 00 00   
07 D1 B1 04 00 00 07 D1 B1 04   00 00 07 D1 B1 04 00 00 07 D2   
B1 04 00 00 07 D1 B1 04 00 00   07 D1 B1 04 00 00 07 D1 B1 04   
00 00 07 D1 B1 04 00 00 07 D1   B1 04 00 00 07 D1 B1 04 00 00   
07 D1 B1 04 00 00 07 D1 B1 04   00 00 07 D1 B1 04 00 00 07 D2   
B1 04 00 00 07 D1 B1 04 00 00   07 D1 B1 04 00 00 07 D1 B1 04   
00 00 07 D1 B1 04 00 00 07 D1   B1 04 00 00 07 D1 B1 04 00 00   
07 D1 B1 04 00 00 07 D1 B1 04   00 00 07 D1 B1 04 00 00 07 D2   
B1 04 00 00 07 D1 B1 04 00 00   07 D1 B1 04 00 00 07 D1 B1 04   
00 00 07 D1 B1 04 00 00 07 D1   B1 04 00 00 07 D1 B1 04 00 00   
07 D1 B1 04 00 00 07 D1 B1 04   00 00 07 D1 B1 04 00 00 07 D2   
B1 04 00 00 07 D1 B1 04 00 00   07 D1 B1 04 00 00 07 D1 B1 04   
00 00 07 D1 B1 04 00 00 07 D1   B1 04 00 00 07 D1 B1 04 00 00   
07 D1 B1 04 00 00 07 D1 B1 04   00 00 07 D1 B1 04 00 00 07 D2   
B1 04 00 00 07 D1 B1 04 00 00   07 D1 B1 04 00 00 07 D1 B1 04   
00 00 07 D1 B1 04 00 00 07 D1   B1 04 00 00 07 D1 B1 04 00 00   
07 D1 B1 04 00 00 07 D1 B1 04   00 00 07 D1 B1 04 00 00 07 D2   
B1 04 00 00 07 D1 B1 04 00 00   07 D1 B1 04 00 00 07 D1 B1 04   
00 00 07 D1 B1 04 00 00 07 D1   B1 04 00 00 07 D1 B1 04 00 00   
07 D1 B1 04 00 00 07 D1 B1 04   00 00 07 D1 B1 04 00 00 07 D2   
B1 04 00 00 07 D1 B1 04 00 00   07 D1 B1 04 00 00 07 D1 B1 04   
00 00 07 D1 B1 04 00 00 07 D1   B1 04 00 00 07 D1 B1 04 00 00   
07 D1 B1 04 00 00 07 D1 B1 04   00 00 07 D1 B1 04 00 00 07 D2   
B1 04 00 00 07 D3 
S2F23 W
<L[5]
  <U4[1] 123456789>
  <A[6] "000003">
  <U4[1] 27>
  <U4[1] 3>
  <L[201]
    <U4[1] 2001>
    <U4[1] 2001>
    <U4[1] 2001>
    <U4[1] 2001>
    <U4[1] 2001>
    <U4[1] 2001>
    <U4[1] 2001>
    <U4[1] 2001>
    <U4[1] 2001>
    <U4[1] 2002>
    <U4[1] 2001>
    <U4[1] 2001>
    <U4[1] 2001>
    <U4[1] 2001>
    <U4[1] 2001>
    <U4[1] 2001>
    <U4[1] 2001>
    <U4[1] 2001>
    <U4[1] 2001>
    <U4[1] 2002>
    <U4[1] 2001>
    <U4[1] 2001>
    <U4[1] 2001>
    <U4[1] 2001>
    <U4[1] 2001>
    <U4[1] 2001>
    <U4[1] 2001>
    <U4[1] 2001>
    <U4[1] 2001>
    <U4[1] 2002>
    <U4[1] 2001>
    <U4[1] 2001>
    <U4[1] 2001>
    <U4[1] 2001>
    <U4[1] 2001>
    <U4[1] 2001>
    <U4[1] 2001>
    <U4[1] 2001>
    <U4[1] 2001>
    <U4[1] 2002>
    <U4[1] 2001>
    <U4[1] 2001>
    <U4[1] 2001>
    <U4[1] 2001>
    <U4[1] 2001>
    <U4[1] 2001>
    <U4[1] 2001>
    <U4[1] 2001>
    <U4[1] 2001>
    <U4[1] 2002>
    <U4[1] 2001>
    <U4[1] 2001>
    <U4[1] 2001>
    <U4[1] 2001>
    <U4[1] 2001>
    <U4[1] 2001>
    <U4[1] 2001>
    <U4[1] 2001>
    <U4[1] 2001>
    <U4[1] 2002>
    <U4[1] 2001>
    <U4[1] 2001>
    <U4[1] 2001>
    <U4[1] 2001>
    <U4[1] 2001>
    <U4[1] 2001>
    <U4[1] 2001>
    <U4[1] 2001>
    <U4[1] 2001>
    <U4[1] 2002>
    <U4[1] 2001>
    <U4[1] 2001>
    <U4[1] 2001>
    <U4[1] 2001>
    <U4[1] 2001>
    <U4[1] 2001>
    <U4[1] 2001>
    <U4[1] 2001>
    <U4[1] 2001>
    <U4[1] 2002>
    <U4[1] 2001>
    <U4[1] 2001>
    <U4[1] 2001>
    <U4[1] 2001>
    <U4[1] 2001>
    <U4[1] 2001>
    <U4[1] 2001>
    <U4[1] 2001>
    <U4[1] 2001>
    <U4[1] 2002>
    <U4[1] 2001>
    <U4[1] 2001>
    <U4[1] 2001>
    <U4[1] 2001>
    <U4[1] 2001>
    <U4[1] 2001>
    <U4[1] 2001>
    <U4[1] 2001>
    <U4[1] 2001>
    <U4[1] 2002>
    <U4[1] 2001>
    <U4[1] 2001>
    <U4[1] 2001>
    <U4[1] 2001>
    <U4[1] 2001>
    <U4[1] 2001>
    <U4[1] 2001>
    <U4[1] 2001>
    <U4[1] 2001>
    <U4[1] 2002>
    <U4[1] 2001>
    <U4[1] 2001>
    <U4[1] 2001>
    <U4[1] 2001>
    <U4[1] 2001>
    <U4[1] 2001>
    <U4[1] 2001>
    <U4[1] 2001>
    <U4[1] 2001>
    <U4[1] 2002>
    <U4[1] 2001>
    <U4[1] 2001>
    <U4[1] 2001>
    <U4[1] 2001>
    <U4[1] 2001>
    <U4[1] 2001>
    <U4[1] 2001>
    <U4[1] 2001>
    <U4[1] 2001>
    <U4[1] 2002>
    <U4[1] 2001>
    <U4[1] 2001>
    <U4[1] 2001>
    <U4[1] 2001>
    <U4[1] 2001>
    <U4[1] 2001>
    <U4[1] 2001>
    <U4[1] 2001>
    <U4[1] 2001>
    <U4[1] 2002>
    <U4[1] 2001>
    <U4[1] 2001>
    <U4[1] 2001>
    <U4[1] 2001>
    <U4[1] 2001>
    <U4[1] 2001>
    <U4[1] 2001>
    <U4[1] 2001>
    <U4[1] 2001>
    <U4[1] 2002>
    <U4[1] 2001>
    <U4[1] 2001>
    <U4[1] 2001>
    <U4[1] 2001>
    <U4[1] 2001>
    <U4[1] 2001>
    <U4[1] 2001>
    <U4[1] 2001>
    <U4[1] 2001>
    <U4[1] 2002>
    <U4[1] 2001>
    <U4[1] 2001>
    <U4[1] 2001>
    <U4[1] 2001>
    <U4[1] 2001>
    <U4[1] 2001>
    <U4[1] 2001>
    <U4[1] 2001>
    <U4[1] 2001>
    <U4[1] 2002>
    <U4[1] 2001>
    <U4[1] 2001>
    <U4[1] 2001>
    <U4[1] 2001>
    <U4[1] 2001>
    <U4[1] 2001>
    <U4[1] 2001>
    <U4[1] 2001>
    <U4[1] 2001>
    <U4[1] 2002>
    <U4[1] 2001>
    <U4[1] 2001>
    <U4[1] 2001>
    <U4[1] 2001>
    <U4[1] 2001>
    <U4[1] 2001>
    <U4[1] 2001>
    <U4[1] 2001>
    <U4[1] 2001>
    <U4[1] 2002>
    <U4[1] 2001>
    <U4[1] 2001>
    <U4[1] 2001>
    <U4[1] 2001>
    <U4[1] 2001>
    <U4[1] 2001>
    <U4[1] 2001>
    <U4[1] 2001>
    <U4[1] 2001>
    <U4[1] 2002>
    <U4[1] 2003>
  >
>
.
17:21:42.549: Receive S2F24(605439211).
00 00 02 18 00 00 24 16 44 EB   01 00 
S2F24
<L[0]
>
.
17:22:06.352: Send S2F31(605439212).
00 00 82 1F 00 00 24 16 44 EC   41 0E 32 30 30 33 30 31 30 32   
31 31 32 32 30 31 
S2F31 W
<A[14] "20030102112201">
.
17:22:06.392: Receive S2F32(605439212).
00 00 02 20 00 00 24 16 44 EC   01 00 
S2F32
<L[0]
>
.
17:23:25.302: Send S2F25(605439215).
00 00 82 19 00 00 24 16 44 EF   21 0A 00 01 02 03 04 05 06 07   
08 09 
S2F25 W
<B[10] 0x00 0x01 0x02 0x03 0x04 0x05 0x06 0x07 0x08 0x09>
.
17:23:51.460: Receive S2F26(605439215).
00 00 02 1A 00 00 24 16 44 EF   01 00 
S2F26
<L[0]
>
.
17:24:04.895: Send S2F29(605439216).
00 00 82 1D 00 00 24 16 44 F0   01 00 
S2F29 W
<L[0]
>
.
17:24:06.495: Receive S2F30(605439216).
00 00 02 1E 00 00 24 16 44 F0   01 00 
S2F30
<L[0]
>
.
17:26:23.037: Send S2F29(605439220).
00 00 82 1D 00 00 24 16 44 F4   01 00 
S2F29 W
<L[0]
>
.
17:26:25.186: Receive S2F30(605439220).
00 00 02 1E 00 00 24 16 44 F4   01 00 
S2F30
<L[0]
>
.
17:26:31.537: Send S2F29(605439221).
00 00 82 1D 00 00 24 16 44 F5   01 00 
S2F29 W
<L[0]
>
.
17:26:38.866: Receive S2F30(605439221).
00 00 82 1E 00 00 24 16 44 F5   01 00 
S2F30 W
<L[0]
>
.
17:26:47.471: Send S2F29(605439222).
00 00 82 1D 00 00 24 16 44 F6   01 00 
S2F29 W
<L[0]
>
.
17:26:48.691: Receive S2F30(605439222).
00 00 82 1E 00 00 24 16 44 F6   01 00 
S2F30 W
<L[0]
>
.
17:27:03.895: Send S2F31(605439223).
00 00 82 1F 00 00 24 16 44 F7   41 10 32 31 31 33 30 38 30 34   
31 31 32 32 33 33 30 30 
S2F31 W
<A[16] "2113080411223300">
.
17:27:04.384: Receive S2F32(605439223).
00 00 82 20 00 00 24 16 44 F7   01 00 
S2F32 W
<L[0]
>
.
17:27:23.133: Send S2F31(605439225).
00 00 82 1F 00 00 24 16 44 F9   41 0E 32 30 30 33 30 31 30 32   
31 31 32 32 30 31 
S2F31 W
<A[14] "20030102112201">
.
17:27:28.262: Receive S2F32(605439225).
00 00 02 20 00 00 24 16 44 F9   01 00 
S2F32
<L[0]
>
.
Remote Server Disconnected!
HSMS Communication Disconnected!
Remote Server Disconnected!
HSMS Communication Disconnected!
HSMS Communication Disconnected!
